<?xml version="1.0" encoding="UTF-8"?>
<testng-results ignored="0" total="1" passed="1" failed="0" skipped="0">
  <reporter-output>
  </reporter-output>
  <suite started-at="2021-05-26T12:25:21 IST" name="Default suite" finished-at="2021-05-26T12:25:23 IST" duration-ms="1964">
    <groups>
    </groups>
    <test started-at="2021-05-26T12:25:21 IST" name="Default test" finished-at="2021-05-26T12:25:23 IST" duration-ms="1964">
      <class name="com.qa.testCases.PatchRequest">
        <test-method signature="patchTest()[pri:0, instance:com.qa.testCases.PatchRequest@140c9f39]" started-at="2021-05-26T12:25:21 IST" name="patchTest" finished-at="2021-05-26T12:25:23 IST" duration-ms="1942" status="PASS">
          <reporter-output>
          </reporter-output>
        </test-method> <!-- patchTest -->
      </class> <!-- com.qa.testCases.PatchRequest -->
    </test> <!-- Default test -->
  </suite> <!-- Default suite -->
</testng-results>
