<?xml version="1.0" encoding="UTF-8"?>
<testng-results ignored="0" total="1" passed="1" failed="0" skipped="0">
  <reporter-output>
  </reporter-output>
  <suite started-at="2021-06-11T10:16:16Z" name="Default suite" finished-at="2021-06-11T10:17:29Z" duration-ms="72918">
    <groups>
      <group name="SMOKE">
        <method signature="OrderCancellationTest.ordercancel(java.util.Map)[pri:0, instance:qaf.example.demo.tests.OrderCancellationTest@497486b3]" name="ordercancel" class="qaf.example.demo.tests.OrderCancellationTest"/>
      </group> <!-- SMOKE -->
    </groups>
    <test started-at="2021-06-11T10:16:16Z" name="Default test" finished-at="2021-06-11T10:17:29Z" duration-ms="72918">
      <class name="qaf.example.demo.tests.OrderCancellationTest">
        <test-method is-config="true" signature="setupSuit(org.testng.ITestContext)[pri:0, instance:qaf.example.demo.tests.OrderCancellationTest@497486b3]" started-at="2021-06-11T15:46:16Z" name="setupSuit" finished-at="2021-06-11T15:46:16Z" duration-ms="25" status="PASS">
          <params>
            <param index="0">
              <value>
                <![CDATA[org.testng.TestRunner@60d1a32f]]>
              </value>
            </param>
          </params>
          <reporter-output>
          </reporter-output>
        </test-method> <!-- setupSuit -->
        <test-method is-config="true" signature="setupTest(org.testng.ITestContext)[pri:0, instance:qaf.example.demo.tests.OrderCancellationTest@497486b3]" started-at="2021-06-11T15:46:16Z" name="setupTest" finished-at="2021-06-11T15:46:16Z" duration-ms="2" status="PASS">
          <params>
            <param index="0">
              <value>
                <![CDATA[org.testng.TestRunner@60d1a32f]]>
              </value>
            </param>
          </params>
          <reporter-output>
          </reporter-output>
        </test-method> <!-- setupTest -->
        <test-method is-config="true" signature="setup(org.testng.ITestContext)[pri:0, instance:qaf.example.demo.tests.OrderCancellationTest@497486b3]" started-at="2021-06-11T15:46:16Z" name="setup" finished-at="2021-06-11T15:46:16Z" duration-ms="1" status="PASS">
          <params>
            <param index="0">
              <value>
                <![CDATA[org.testng.TestRunner@60d1a32f]]>
              </value>
            </param>
          </params>
          <reporter-output>
          </reporter-output>
        </test-method> <!-- setup -->
        <test-method is-config="true" signature="setupMethod(java.lang.reflect.Method, org.testng.ITestContext)[pri:0, instance:qaf.example.demo.tests.OrderCancellationTest@497486b3]" started-at="2021-06-11T15:46:16Z" name="setupMethod" finished-at="2021-06-11T15:46:16Z" duration-ms="1" status="PASS">
          <params>
            <param index="0">
              <value>
                <![CDATA[public void qaf.example.demo.tests.OrderCancellationTest.ordercancel(java.util.Map) throws java.lang.InterruptedException]]>
              </value>
            </param>
            <param index="1">
              <value>
                <![CDATA[org.testng.TestRunner@60d1a32f]]>
              </value>
            </param>
          </params>
          <reporter-output>
          </reporter-output>
        </test-method> <!-- setupMethod -->
        <test-method signature="ordercancel(java.util.Map)[pri:0, instance:qaf.example.demo.tests.OrderCancellationTest@497486b3]" started-at="2021-06-11T15:46:16Z" name="ordercancel" description="Order Cancel Test Scenario" finished-at="2021-06-11T15:47:28Z" duration-ms="72328" status="PASS">
          <params>
            <param index="0">
              <value>
                <![CDATA[{firstName=Uma, lastName=Maheswari, email=test9@gmail.com, password=Test@2021, company=HCL, address1=dhffgjf, address2=wtgdfdh, city=NewYork, Zipcode=0000010004, homephone=9864645392, mobile=6746927562, additional=Automation test, future=My homeaddress, __index=1}]]>
              </value>
            </param>
          </params>
          <reporter-output>
          </reporter-output>
        </test-method> <!-- ordercancel -->
        <test-method is-config="true" signature="afterMethod(org.testng.ITestContext, org.testng.ITestResult)[pri:0, instance:qaf.example.demo.tests.OrderCancellationTest@497486b3]" started-at="2021-06-11T15:47:28Z" name="afterMethod" finished-at="2021-06-11T15:47:28Z" duration-ms="1" status="PASS">
          <params>
            <param index="0">
              <value>
                <![CDATA[org.testng.TestRunner@60d1a32f]]>
              </value>
            </param>
            <param index="1">
              <value>
                <![CDATA[[TestResult name=ordercancel status=SUCCESS method=OrderCancellationTest.ordercancel(java.util.Map)[pri:0, instance:qaf.example.demo.tests.OrderCancellationTest@497486b3] output={null}]]]>
              </value>
            </param>
          </params>
          <reporter-output>
          </reporter-output>
        </test-method> <!-- afterMethod -->
        <test-method is-config="true" signature="afterClass(org.testng.ITestContext)[pri:0, instance:qaf.example.demo.tests.OrderCancellationTest@497486b3]" started-at="2021-06-11T15:47:28Z" name="afterClass" finished-at="2021-06-11T15:47:28Z" duration-ms="1" status="PASS">
          <params>
            <param index="0">
              <value>
                <![CDATA[org.testng.TestRunner@60d1a32f]]>
              </value>
            </param>
          </params>
          <reporter-output>
          </reporter-output>
        </test-method> <!-- afterClass -->
        <test-method is-config="true" signature="afterTest(org.testng.ITestContext)[pri:0, instance:qaf.example.demo.tests.OrderCancellationTest@497486b3]" started-at="2021-06-11T15:47:28Z" name="afterTest" finished-at="2021-06-11T15:47:29Z" duration-ms="398" status="PASS">
          <params>
            <param index="0">
              <value>
                <![CDATA[org.testng.TestRunner@60d1a32f]]>
              </value>
            </param>
          </params>
          <reporter-output>
          </reporter-output>
        </test-method> <!-- afterTest -->
      </class> <!-- qaf.example.demo.tests.OrderCancellationTest -->
    </test> <!-- Default test -->
  </suite> <!-- Default suite -->
</testng-results>
