<?xml version="1.0" encoding="UTF-8"?>
<!-- Generated by org.testng.reporters.JUnitXMLReporter -->
<testsuite ignored="0" hostname="LAPTOP-HKP3MAF8" failures="0" tests="2" name="Test1" time="18.624" errors="0" timestamp="2021-05-12T17:33:38 IST">
  <testcase classname="com.hackathon.selenium.tests.RegisterAccountTest" name="registerAccount" time="6.521"/>
  <testcase classname="com.hackathon.selenium.tests.RegisterAccountTest" name="registerAccountInvalid" time="5.266"/>
</testsuite> <!-- Test1 -->
