<?xml version="1.0" encoding="UTF-8"?>
<!-- Generated by org.testng.reporters.JUnitXMLReporter -->
<testsuite ignored="1" hostname="LAPTOP-HKP3MAF8" failures="0" tests="1" name="Default test" time="1.967" errors="0" timestamp="28 May 2021 10:50:04 GMT">
  <testcase classname="com.practice.restclient.GetClient" name="getPetByID" time="1.935"/>
  <testcase classname="com.practice.restclient.GetClient" name="getPetByStatus" time="0.0">
    <ignored/>
  </testcase> <!-- getPetByStatus -->
</testsuite> <!-- Default test -->
