<?xml version="1.0" encoding="UTF-8"?>
<testng-results skipped="0" failed="0" ignored="0" total="1" passed="1">
  <reporter-output>
  </reporter-output>
  <suite name="Default suite" duration-ms="5966" started-at="2021-05-26T11:50:32 IST" finished-at="2021-05-26T11:50:38 IST">
    <groups>
    </groups>
    <test name="Default test" duration-ms="5966" started-at="2021-05-26T11:50:32 IST" finished-at="2021-05-26T11:50:38 IST">
      <class name="com.apitest.TC_05_Delete">
        <test-method status="PASS" signature="GetTest()[pri:0, instance:com.apitest.TC_05_Delete@1bfb90a]" name="GetTest" duration-ms="5862" started-at="2021-05-26T11:50:32 IST" finished-at="2021-05-26T11:50:38 IST">
          <reporter-output>
          </reporter-output>
        </test-method> <!-- GetTest -->
      </class> <!-- com.apitest.TC_05_Delete -->
    </test> <!-- Default test -->
  </suite> <!-- Default suite -->
</testng-results>
