<?xml version="1.0" encoding="UTF-8"?>
<!-- Generated by org.testng.reporters.JUnitXMLReporter -->
<testsuite ignored="3" hostname="LAPTOP-HKP3MAF8" failures="0" tests="1" name="Default test" time="73.229" errors="0" timestamp="2021-05-18T20:37:20 IST">
  <testcase classname="com.selenium.hackathon2.tests.CeilingPageTest" name="CeilingPageTest2" time="52.179"/>
  <testcase classname="com.selenium.hackathon2.tests.CeilingPageTest" name="CeilingPageTest1" time="0.0">
    <ignored/>
  </testcase> <!-- CeilingPageTest1 -->
  <testcase classname="com.selenium.hackathon2.tests.CeilingPageTest" name="CeilingPageTest4" time="0.0">
    <ignored/>
  </testcase> <!-- CeilingPageTest4 -->
  <testcase classname="com.selenium.hackathon2.tests.CeilingPageTest" name="CeilingPageTest3" time="0.0">
    <ignored/>
  </testcase> <!-- CeilingPageTest3 -->
</testsuite> <!-- Default test -->
