<?xml version="1.0" encoding="UTF-8"?>
<testng-results ignored="0" total="7" passed="7" failed="0" skipped="0">
  <reporter-output>
  </reporter-output>
  <suite started-at="2021-05-12T17:33:19 IST" name="Suite" finished-at="2021-05-12T17:35:16 IST" duration-ms="116492">
    <groups>
    </groups>
    <test started-at="2021-05-12T17:33:19 IST" name="Test1" finished-at="2021-05-12T17:33:38 IST" duration-ms="18624">
      <class name="com.hackathon.selenium.tests.RegisterAccountTest">
        <test-method is-config="true" signature="openDriver()[pri:0, instance:com.hackathon.selenium.tests.RegisterAccountTest@3c77d488]" started-at="2021-05-12T17:33:19 IST" name="openDriver" finished-at="2021-05-12T17:33:25 IST" duration-ms="6061" status="PASS">
          <reporter-output>
          </reporter-output>
        </test-method> <!-- openDriver -->
        <test-method signature="registerAccount()[pri:0, instance:com.hackathon.selenium.tests.RegisterAccountTest@3c77d488]" started-at="2021-05-12T17:33:25 IST" name="registerAccount" finished-at="2021-05-12T17:33:32 IST" duration-ms="6521" status="PASS">
          <reporter-output>
          </reporter-output>
        </test-method> <!-- registerAccount -->
        <test-method signature="registerAccountInvalid()[pri:1, instance:com.hackathon.selenium.tests.RegisterAccountTest@3c77d488]" started-at="2021-05-12T17:33:32 IST" name="registerAccountInvalid" finished-at="2021-05-12T17:33:37 IST" duration-ms="5266" status="PASS">
          <reporter-output>
          </reporter-output>
        </test-method> <!-- registerAccountInvalid -->
        <test-method is-config="true" signature="closeDriver()[pri:0, instance:com.hackathon.selenium.tests.RegisterAccountTest@3c77d488]" started-at="2021-05-12T17:33:37 IST" name="closeDriver" finished-at="2021-05-12T17:33:38 IST" duration-ms="673" status="PASS">
          <reporter-output>
          </reporter-output>
        </test-method> <!-- closeDriver -->
      </class> <!-- com.hackathon.selenium.tests.RegisterAccountTest -->
    </test> <!-- Test1 -->
    <test started-at="2021-05-12T17:33:38 IST" name="Test2" finished-at="2021-05-12T17:33:50 IST" duration-ms="12282">
      <class name="com.hackathon.selenium.tests.LoginTest">
        <test-method is-config="true" signature="openDriver()[pri:0, instance:com.hackathon.selenium.tests.LoginTest@795509d9]" started-at="2021-05-12T17:33:38 IST" name="openDriver" finished-at="2021-05-12T17:33:43 IST" duration-ms="4866" status="PASS">
          <reporter-output>
          </reporter-output>
        </test-method> <!-- openDriver -->
        <test-method signature="loginTest()[pri:0, instance:com.hackathon.selenium.tests.LoginTest@795509d9]" started-at="2021-05-12T17:33:43 IST" name="loginTest" finished-at="2021-05-12T17:33:50 IST" duration-ms="6700" status="PASS">
          <reporter-output>
          </reporter-output>
        </test-method> <!-- loginTest -->
        <test-method is-config="true" signature="closeDriver()[pri:0, instance:com.hackathon.selenium.tests.LoginTest@795509d9]" started-at="2021-05-12T17:33:50 IST" name="closeDriver" finished-at="2021-05-12T17:33:50 IST" duration-ms="705" status="PASS">
          <reporter-output>
          </reporter-output>
        </test-method> <!-- closeDriver -->
      </class> <!-- com.hackathon.selenium.tests.LoginTest -->
    </test> <!-- Test2 -->
    <test started-at="2021-05-12T17:33:50 IST" name="Test3" finished-at="2021-05-12T17:34:03 IST" duration-ms="13129">
      <class name="com.hackathon.selenium.tests.VerifyHomePageTitleTest">
        <test-method is-config="true" signature="openDriver()[pri:0, instance:com.hackathon.selenium.tests.VerifyHomePageTitleTest@cb0755b]" started-at="2021-05-12T17:33:50 IST" name="openDriver" finished-at="2021-05-12T17:33:55 IST" duration-ms="4603" status="PASS">
          <reporter-output>
          </reporter-output>
        </test-method> <!-- openDriver -->
        <test-method signature="verifyHomePagetitle()[pri:0, instance:com.hackathon.selenium.tests.VerifyHomePageTitleTest@cb0755b]" started-at="2021-05-12T17:33:55 IST" name="verifyHomePagetitle" finished-at="2021-05-12T17:34:03 IST" duration-ms="7897" status="PASS">
          <reporter-output>
          </reporter-output>
        </test-method> <!-- verifyHomePagetitle -->
        <test-method is-config="true" signature="closeDriver()[pri:0, instance:com.hackathon.selenium.tests.VerifyHomePageTitleTest@cb0755b]" started-at="2021-05-12T17:34:03 IST" name="closeDriver" finished-at="2021-05-12T17:34:03 IST" duration-ms="619" status="PASS">
          <reporter-output>
          </reporter-output>
        </test-method> <!-- closeDriver -->
      </class> <!-- com.hackathon.selenium.tests.VerifyHomePageTitleTest -->
    </test> <!-- Test3 -->
    <test started-at="2021-05-12T17:34:03 IST" name="Test4" finished-at="2021-05-12T17:34:23 IST" duration-ms="19298">
      <class name="com.hackathon.selenium.tests.EditAccountTest">
        <test-method is-config="true" signature="openDriver()[pri:0, instance:com.hackathon.selenium.tests.EditAccountTest@79e4c792]" started-at="2021-05-12T17:34:03 IST" name="openDriver" finished-at="2021-05-12T17:34:08 IST" duration-ms="4436" status="PASS">
          <reporter-output>
          </reporter-output>
        </test-method> <!-- openDriver -->
        <test-method signature="editAccountTest()[pri:0, instance:com.hackathon.selenium.tests.EditAccountTest@79e4c792]" started-at="2021-05-12T17:34:08 IST" name="editAccountTest" finished-at="2021-05-12T17:34:22 IST" duration-ms="14203" status="PASS">
          <reporter-output>
          </reporter-output>
        </test-method> <!-- editAccountTest -->
        <test-method is-config="true" signature="closeDriver()[pri:0, instance:com.hackathon.selenium.tests.EditAccountTest@79e4c792]" started-at="2021-05-12T17:34:22 IST" name="closeDriver" finished-at="2021-05-12T17:34:23 IST" duration-ms="643" status="PASS">
          <reporter-output>
          </reporter-output>
        </test-method> <!-- closeDriver -->
      </class> <!-- com.hackathon.selenium.tests.EditAccountTest -->
    </test> <!-- Test4 -->
    <test started-at="2021-05-12T17:34:23 IST" name="Test5" finished-at="2021-05-12T17:34:53 IST" duration-ms="30213">
      <class name="com.hackathon.selenium.tests.MonitorPageTest">
        <test-method is-config="true" signature="openDriver()[pri:0, instance:com.hackathon.selenium.tests.MonitorPageTest@909217e]" started-at="2021-05-12T17:34:23 IST" name="openDriver" finished-at="2021-05-12T17:34:27 IST" duration-ms="4637" status="PASS">
          <reporter-output>
          </reporter-output>
        </test-method> <!-- openDriver -->
        <test-method signature="uploadFile()[pri:5, instance:com.hackathon.selenium.tests.MonitorPageTest@909217e]" started-at="2021-05-12T17:34:27 IST" name="uploadFile" finished-at="2021-05-12T17:34:48 IST" duration-ms="21128" status="PASS">
          <reporter-output>
          </reporter-output>
        </test-method> <!-- uploadFile -->
        <test-method is-config="true" signature="closeDriver()[pri:0, instance:com.hackathon.selenium.tests.MonitorPageTest@909217e]" started-at="2021-05-12T17:34:48 IST" name="closeDriver" finished-at="2021-05-12T17:34:53 IST" duration-ms="4439" status="PASS">
          <reporter-output>
          </reporter-output>
        </test-method> <!-- closeDriver -->
      </class> <!-- com.hackathon.selenium.tests.MonitorPageTest -->
    </test> <!-- Test5 -->
    <test started-at="2021-05-12T17:34:53 IST" name="Test6" finished-at="2021-05-12T17:35:16 IST" duration-ms="22841">
      <class name="com.hackathon.selenium.tests.ProductAvailabilityTest">
        <test-method is-config="true" signature="startTest()[pri:0, instance:com.hackathon.selenium.tests.ProductAvailabilityTest@cc43f62]" started-at="2021-05-12T17:33:19 IST" name="startTest" finished-at="2021-05-12T17:33:19 IST" duration-ms="213" status="PASS">
          <reporter-output>
          </reporter-output>
        </test-method> <!-- startTest -->
        <test-method is-config="true" signature="openDriver()[pri:0, instance:com.hackathon.selenium.tests.ProductAvailabilityTest@cc43f62]" started-at="2021-05-12T17:34:53 IST" name="openDriver" finished-at="2021-05-12T17:34:58 IST" duration-ms="4808" status="PASS">
          <reporter-output>
          </reporter-output>
        </test-method> <!-- openDriver -->
        <test-method signature="productAvailability()[pri:0, instance:com.hackathon.selenium.tests.ProductAvailabilityTest@cc43f62]" started-at="2021-05-12T17:34:58 IST" name="productAvailability" finished-at="2021-05-12T17:35:15 IST" duration-ms="17308" status="PASS">
          <reporter-output>
          </reporter-output>
        </test-method> <!-- productAvailability -->
        <test-method is-config="true" signature="closeDriver()[pri:0, instance:com.hackathon.selenium.tests.ProductAvailabilityTest@cc43f62]" started-at="2021-05-12T17:35:15 IST" name="closeDriver" finished-at="2021-05-12T17:35:16 IST" duration-ms="721" status="PASS">
          <reporter-output>
          </reporter-output>
        </test-method> <!-- closeDriver -->
        <test-method is-config="true" signature="endTest()[pri:0, instance:com.hackathon.selenium.tests.ProductAvailabilityTest@cc43f62]" started-at="2021-05-12T17:35:16 IST" name="endTest" finished-at="2021-05-12T17:35:16 IST" duration-ms="430" status="PASS">
          <reporter-output>
          </reporter-output>
        </test-method> <!-- endTest -->
      </class> <!-- com.hackathon.selenium.tests.ProductAvailabilityTest -->
    </test> <!-- Test6 -->
  </suite> <!-- Suite -->
</testng-results>
