<?xml version="1.0" encoding="UTF-8"?>
<testng-results ignored="1" total="2" passed="1" failed="0" skipped="0">
  <reporter-output>
  </reporter-output>
  <suite started-at="2021-05-28T10:50:02Z" name="Default suite" finished-at="2021-05-28T10:50:04Z" duration-ms="1967">
    <groups>
    </groups>
    <test started-at="2021-05-28T10:50:02Z" name="Default test" finished-at="2021-05-28T10:50:04Z" duration-ms="1967">
      <class name="com.practice.restclient.GetClient">
        <test-method signature="getPetByID()[pri:0, instance:com.practice.restclient.GetClient@e3c0e40]" started-at="2021-05-28T16:20:02Z" name="getPetByID" finished-at="2021-05-28T16:20:04Z" duration-ms="1935" status="PASS">
          <reporter-output>
          </reporter-output>
        </test-method> <!-- getPetByID -->
      </class> <!-- com.practice.restclient.GetClient -->
    </test> <!-- Default test -->
  </suite> <!-- Default suite -->
</testng-results>
