<?xml version="1.0" encoding="UTF-8"?>
<testng-results ignored="0" total="1" passed="1" failed="0" skipped="0">
  <reporter-output>
  </reporter-output>
  <suite started-at="2021-05-26T13:43:32 IST" name="Default suite" finished-at="2021-05-26T13:43:36 IST" duration-ms="3522">
    <groups>
    </groups>
    <test started-at="2021-05-26T13:43:32 IST" name="Default test" finished-at="2021-05-26T13:43:36 IST" duration-ms="3522">
      <class name="com.rest.apimethods.DeleteMethod">
        <test-method signature="testDeleteMethod()[pri:0, instance:com.rest.apimethods.DeleteMethod@7c1e2a9e]" started-at="2021-05-26T13:43:32 IST" name="testDeleteMethod" finished-at="2021-05-26T13:43:36 IST" duration-ms="3472" status="PASS">
          <reporter-output>
          </reporter-output>
        </test-method> <!-- testDeleteMethod -->
      </class> <!-- com.rest.apimethods.DeleteMethod -->
    </test> <!-- Default test -->
  </suite> <!-- Default suite -->
</testng-results>
