<?xml version="1.0" encoding="UTF-8"?>
<testng-results ignored="0" total="1" passed="1" failed="0" skipped="0">
  <reporter-output>
  </reporter-output>
  <suite started-at="2021-05-19T09:06:59 IST" name="Default suite" finished-at="2021-05-19T09:07:15 IST" duration-ms="15771">
    <groups>
    </groups>
    <test started-at="2021-05-19T09:06:59 IST" name="Default test" finished-at="2021-05-19T09:07:15 IST" duration-ms="15771">
      <class name="com.website.testcases.TC_Select_Ceiling">
        <test-method is-config="true" signature="setup()[pri:0, instance:com.website.testcases.TC_Select_Ceiling@41fecb8b]" started-at="2021-05-19T09:06:59 IST" name="setup" finished-at="2021-05-19T09:07:09 IST" duration-ms="9790" status="PASS">
          <reporter-output>
          </reporter-output>
        </test-method> <!-- setup -->
        <test-method signature="Select_Test()[pri:0, instance:com.website.testcases.TC_Select_Ceiling@41fecb8b]" started-at="2021-05-19T09:07:09 IST" name="Select_Test" finished-at="2021-05-19T09:07:14 IST" duration-ms="4847" status="PASS">
          <reporter-output>
          </reporter-output>
        </test-method> <!-- Select_Test -->
        <test-method is-config="true" signature="quit()[pri:0, instance:com.website.testcases.TC_Select_Ceiling@41fecb8b]" started-at="2021-05-19T09:07:14 IST" name="quit" finished-at="2021-05-19T09:07:15 IST" duration-ms="1105" status="PASS">
          <reporter-output>
          </reporter-output>
        </test-method> <!-- quit -->
      </class> <!-- com.website.testcases.TC_Select_Ceiling -->
    </test> <!-- Default test -->
  </suite> <!-- Default suite -->
</testng-results>
